#
# There is insufficient memory for the Java Runtime Environment to continue.
# Native memory allocation (mmap) failed to map 264241152 bytes. Error detail: G1 virtual space
# Possible reasons:
#   The system is out of physical RAM or swap space
#   This process is running with CompressedOops enabled, and the Java Heap may be blocking the growth of the native heap
# Possible solutions:
#   Reduce memory load on the system
#   Increase physical memory or swap space
#   Check if swap backing store is full
#   Decrease Java heap size (-Xmx/-Xms)
#   Decrease number of Java threads
#   Decrease Java thread stack sizes (-Xss)
#   Set larger code cache with -XX:ReservedCodeCacheSize=
#   JVM is running with Zero Based Compressed Oops mode in which the Java heap is
#     placed in the first 32GB address space. The Java Heap base address is the
#     maximum limit for the native heap growth. Please use -XX:HeapBaseMinAddress
#     to set the Java Heap base and to place the Java Heap above 32GB virtual address.
# This output file may be truncated or incomplete.
#
#  Out of Memory Error (os_windows.cpp:3898), pid=22660, tid=147676
#
# JRE version:  (21.0.6+8) (build )
# Java VM: OpenJDK 64-Bit Server VM (21.0.6+8-b631.39, mixed mode, sharing, tiered, compressed oops, compressed class ptrs, g1 gc, windows-amd64)
# No core dump will be written. Minidumps are not enabled by default on client versions of Windows
#

---------------  S U M M A R Y ------------

Command Line: git4idea.http.GitAskPassApp Username for 'https://github.com': 

Host: 11th Gen Intel(R) Core(TM) i5-1135G7 @ 2.40GHz, 8 cores, 15G,  Windows 11 , 64 bit Build 26100 (10.0.26100.3323)
Time: Tue Mar 18 20:03:03 2025 Central Daylight Time elapsed time: 0.022861 seconds (0d 0h 0m 0s)

---------------  T H R E A D  ---------------

Current thread (0x0000020032d932f0):  JavaThread "Unknown thread" [_thread_in_vm, id=147676, stack(0x0000004cc5a00000,0x0000004cc5b00000) (1024K)]

Stack: [0x0000004cc5a00000,0x0000004cc5b00000]
Native frames: (J=compiled Java code, j=interpreted, Vv=VM code, C=native code)
V  [jvm.dll+0x6e5d39]
V  [jvm.dll+0x8c4133]
V  [jvm.dll+0x8c668e]
V  [jvm.dll+0x8c6d73]
V  [jvm.dll+0x288f76]
V  [jvm.dll+0x6e25f5]
V  [jvm.dll+0x6d60aa]
V  [jvm.dll+0x3635bb]
V  [jvm.dll+0x36b186]
V  [jvm.dll+0x3bd4b6]
V  [jvm.dll+0x3bd788]
V  [jvm.dll+0x335d2c]
V  [jvm.dll+0x336a1b]
V  [jvm.dll+0x88b589]
V  [jvm.dll+0x3ca688]
V  [jvm.dll+0x874698]
V  [jvm.dll+0x45f04e]
V  [jvm.dll+0x460d31]
C  [jli.dll+0x52ab]
C  [ucrtbase.dll+0x37b0]
C  [KERNEL32.DLL+0x2e8d7]
C  [ntdll.dll+0xbbf6c]


---------------  P R O C E S S  ---------------

Threads class SMR info:
_java_thread_list=0x00007ff89871a148, length=0, elements={
}

Java Threads: ( => current thread )
Total: 0

Other Threads:
  0x00000200351818b0 WorkerThread "GC Thread#0"                     [id=151092, stack(0x0000004cc5b00000,0x0000004cc5c00000) (1024K)]
  0x0000020035192490 ConcurrentGCThread "G1 Main Marker"            [id=154076, stack(0x0000004cc5c00000,0x0000004cc5d00000) (1024K)]
  0x0000020035196470 WorkerThread "G1 Conc#0"                       [id=150460, stack(0x0000004cc5d00000,0x0000004cc5e00000) (1024K)]

[error occurred during error reporting (printing all threads), id 0xc0000005, EXCEPTION_ACCESS_VIOLATION (0xc0000005) at pc=0x00007ff897e08de7]
VM state: not at safepoint (not fully initialized)

VM Mutex/Monitor currently owned by a thread:  ([mutex/lock_event])
[0x00007ff89878eb30] Heap_lock - owner thread: 0x0000020032d932f0

Heap address: 0x0000000704000000, size: 4032 MB, Compressed Oops mode: Zero based, Oop shift amount: 3

CDS archive(s) mapped at: [0x0000000000000000-0x0000000000000000-0x0000000000000000), size 0, SharedBaseAddress: 0x0000000800000000, ArchiveRelocationMode: 1.
Narrow klass base: 0x0000000000000000, Narrow klass shift: 0, Narrow klass range: 0x0

GC Precious Log:
 CardTable entry size: 512
 Card Set container configuration: InlinePtr #cards 4 size 8 Array Of Cards #cards 16 size 48 Howl #buckets 8 coarsen threshold 3686 Howl Bitmap #cards 512 size 80 coarsen threshold 460 Card regions per heap region 1 cards per card region 4096

Heap:
 garbage-first heap   total 0K, used 0K [0x0000000704000000, 0x0000000800000000)
  region size 2048K, 0 young (0K), 0 survivors (0K)
 Metaspace       used 0K, committed 0K, reserved 0K
  class space    used 0K, committed 0K, reserved 0K

Heap Regions: E=young(eden), S=young(survivor), O=old, HS=humongous(starts), HC=humongous(continues), CS=collection set, F=free, TAMS=top-at-mark-start, PB=parsable bottom

Card table byte_map: [0x0000020048bc0000,0x00000200493a0000] _byte_map_base: 0x00000200453a0000

Marking Bits: (CMBitMap*) 0x0000020035181fb0
 Bits: [0x00000200493a0000, 0x000002004d2a0000)

GC Heap History (0 events):
No events

Dll operation events (1 events):
Event: 0.015 Loaded shared library C:\Program Files\JetBrains\IntelliJ IDEA Community Edition 2024.3.4.1\jbr\bin\java.dll

Deoptimization events (0 events):
No events

Classes loaded (0 events):
No events

Classes unloaded (0 events):
No events

Classes redefined (0 events):
No events

Internal exceptions (0 events):
No events

ZGC Phase Switch (0 events):
No events

VM Operations (0 events):
No events

Memory protections (0 events):
No events

Nmethod flushes (0 events):
No events

Events (0 events):
No events


Dynamic libraries:
0x00007ff6e5ad0000 - 0x00007ff6e5ada000 	C:\Program Files\JetBrains\IntelliJ IDEA Community Edition 2024.3.4.1\jbr\bin\java.exe
0x00007ff954620000 - 0x00007ff954883000 	C:\WINDOWS\SYSTEM32\ntdll.dll
0x00007ff953810000 - 0x00007ff9538d7000 	C:\WINDOWS\System32\KERNEL32.DLL
0x00007ff951dc0000 - 0x00007ff952189000 	C:\WINDOWS\System32\KERNELBASE.dll
0x00007ff951bc0000 - 0x00007ff951d0c000 	C:\WINDOWS\System32\ucrtbase.dll
0x00007ff9337e0000 - 0x00007ff9337f8000 	C:\Program Files\JetBrains\IntelliJ IDEA Community Edition 2024.3.4.1\jbr\bin\jli.dll
0x00007ff907550000 - 0x00007ff90756b000 	C:\Program Files\JetBrains\IntelliJ IDEA Community Edition 2024.3.4.1\jbr\bin\VCRUNTIME140.dll
0x00007ff954260000 - 0x00007ff95442a000 	C:\WINDOWS\System32\USER32.dll
0x00007ff951820000 - 0x00007ff951847000 	C:\WINDOWS\System32\win32u.dll
0x00007ff92d7c0000 - 0x00007ff92da50000 	C:\WINDOWS\WinSxS\amd64_microsoft.windows.common-controls_6595b64144ccf1df_6.0.26100.3323_none_3e088096e3344490\COMCTL32.dll
0x00007ff953990000 - 0x00007ff9539ba000 	C:\WINDOWS\System32\GDI32.dll
0x00007ff952740000 - 0x00007ff9527e9000 	C:\WINDOWS\System32\msvcrt.dll
0x00007ff952300000 - 0x00007ff952431000 	C:\WINDOWS\System32\gdi32full.dll
0x00007ff951d10000 - 0x00007ff951db3000 	C:\WINDOWS\System32\msvcp_win.dll
0x00007ff953a20000 - 0x00007ff953a4f000 	C:\WINDOWS\System32\IMM32.DLL
0x00007ff94da30000 - 0x00007ff94da3c000 	C:\Program Files\JetBrains\IntelliJ IDEA Community Edition 2024.3.4.1\jbr\bin\vcruntime140_1.dll
0x00007ff91a420000 - 0x00007ff91a4ad000 	C:\Program Files\JetBrains\IntelliJ IDEA Community Edition 2024.3.4.1\jbr\bin\msvcp140.dll
0x00007ff897ac0000 - 0x00007ff898881000 	C:\Program Files\JetBrains\IntelliJ IDEA Community Edition 2024.3.4.1\jbr\bin\server\jvm.dll
0x00007ff952b30000 - 0x00007ff952be2000 	C:\WINDOWS\System32\ADVAPI32.dll
0x00007ff9538e0000 - 0x00007ff953986000 	C:\WINDOWS\System32\sechost.dll
0x00007ff954430000 - 0x00007ff954546000 	C:\WINDOWS\System32\RPCRT4.dll
0x00007ff9525e0000 - 0x00007ff952654000 	C:\WINDOWS\System32\WS2_32.dll
0x00007ff950220000 - 0x00007ff95022b000 	C:\WINDOWS\SYSTEM32\VERSION.dll
0x00007ff9516b0000 - 0x00007ff9516fe000 	C:\WINDOWS\SYSTEM32\POWRPROF.dll
0x00007ff945540000 - 0x00007ff945576000 	C:\WINDOWS\SYSTEM32\WINMM.dll
0x00007ff951690000 - 0x00007ff9516a4000 	C:\WINDOWS\SYSTEM32\UMPDC.dll
0x00007ff950640000 - 0x00007ff95065a000 	C:\WINDOWS\SYSTEM32\kernel.appcore.dll
0x00007ff92c540000 - 0x00007ff92c54a000 	C:\Program Files\JetBrains\IntelliJ IDEA Community Edition 2024.3.4.1\jbr\bin\jimage.dll
0x00007ff94eb30000 - 0x00007ff94ed71000 	C:\WINDOWS\SYSTEM32\DBGHELP.DLL
0x00007ff953480000 - 0x00007ff953802000 	C:\WINDOWS\System32\combase.dll
0x00007ff952660000 - 0x00007ff952736000 	C:\WINDOWS\System32\OLEAUT32.dll
0x00007ff92fe00000 - 0x00007ff92fe39000 	C:\WINDOWS\SYSTEM32\dbgcore.DLL
0x00007ff951b20000 - 0x00007ff951bb9000 	C:\WINDOWS\System32\bcryptPrimitives.dll
0x00007ff907530000 - 0x00007ff907550000 	C:\Program Files\JetBrains\IntelliJ IDEA Community Edition 2024.3.4.1\jbr\bin\java.dll

dbghelp: loaded successfully - version: 4.0.5 - missing functions: none
symbol engine: initialized successfully - sym options: 0x614 - pdb path: .;C:\Program Files\JetBrains\IntelliJ IDEA Community Edition 2024.3.4.1\jbr\bin;C:\WINDOWS\SYSTEM32;C:\WINDOWS\WinSxS\amd64_microsoft.windows.common-controls_6595b64144ccf1df_6.0.26100.3323_none_3e088096e3344490;C:\Program Files\JetBrains\IntelliJ IDEA Community Edition 2024.3.4.1\jbr\bin\server

VM Arguments:
java_command: git4idea.http.GitAskPassApp Username for 'https://github.com': 
java_class_path (initial): C:/Program Files/JetBrains/IntelliJ IDEA Community Edition 2024.3.4.1/plugins/vcs-git/lib/git4idea-rt.jar;C:/Program Files/JetBrains/IntelliJ IDEA Community Edition 2024.3.4.1/lib/externalProcess-rt.jar
Launcher Type: SUN_STANDARD

[Global flags]
     intx CICompilerCount                          = 4                                         {product} {ergonomic}
     uint ConcGCThreads                            = 2                                         {product} {ergonomic}
     uint G1ConcRefinementThreads                  = 8                                         {product} {ergonomic}
   size_t G1HeapRegionSize                         = 2097152                                   {product} {ergonomic}
    uintx GCDrainStackTargetSize                   = 64                                        {product} {ergonomic}
   size_t InitialHeapSize                          = 264241152                                 {product} {ergonomic}
   size_t MarkStackSize                            = 4194304                                   {product} {ergonomic}
   size_t MaxHeapSize                              = 4227858432                                {product} {ergonomic}
   size_t MinHeapDeltaBytes                        = 2097152                                   {product} {ergonomic}
   size_t MinHeapSize                              = 8388608                                   {product} {ergonomic}
    uintx NonNMethodCodeHeapSize                   = 5839372                                {pd product} {ergonomic}
    uintx NonProfiledCodeHeapSize                  = 122909434                              {pd product} {ergonomic}
    uintx ProfiledCodeHeapSize                     = 122909434                              {pd product} {ergonomic}
    uintx ReservedCodeCacheSize                    = 251658240                              {pd product} {ergonomic}
     bool SegmentedCodeCache                       = true                                      {product} {ergonomic}
   size_t SoftMaxHeapSize                          = 4227858432                             {manageable} {ergonomic}
     bool UseCompressedOops                        = true                           {product lp64_product} {ergonomic}
     bool UseG1GC                                  = true                                      {product} {ergonomic}
     bool UseLargePagesIndividualAllocation        = false                                  {pd product} {ergonomic}

Logging:
Log output configuration:
 #0: stdout all=warning uptime,level,tags foldmultilines=false
 #1: stderr all=off uptime,level,tags foldmultilines=false

Environment Variables:
JAVA_HOME=C:\Program Files\Java\jdk-17
PATH=C:\Program Files\Git\mingw64\libexec\git-core;C:\Program Files\Git\mingw64\libexec\git-core;C:\Program Files\Git\mingw64\bin;C:\Program Files\Git\usr\bin;C:\Users\Benja\bin;C:\Program Files\Common Files\Oracle\Java\javapath;C:\Users\Benja\AppData\Local\Programs\Python\Python311\Scripts;C:\Users\Benja\AppData\Local\Programs\Python\Python311;C:\Program Files (x86)\Common Files\Oracle\Java\javapath;C:\MinGW\msys\1.0\bi;C:\MinGW\bin;C:\WINDOWS\system32";C:\WINDOWS;C:\WINDOWS\System32\Wbem;C:\WINDOWS\System32\WindowsPowerShell\v1.0;C:\WINDOWS\System32\OpenSSH;C:\Program Files\Java\jdk1.8.0_202\bin;C:\ProgramData\chocolatey\bin;C:\Program Files\Git\cmd;C:\Program Files\PuTTY;C:\Program Files\HP\HP One Agent;C:\Program Files\nodejs;C:\WINDOWS\system32;C:\WINDOWS;C:\WINDOWS\System32\Wbem;C:\WINDOWS\System32\WindowsPowerShell\v1.0;C:\WINDOWS\System32\OpenSSH;C:\Program Files\dotnet;C:\Users\Benja\AppData\Local\Microsoft\WindowsApps;C:\Users\Benja\AppData\Local\Programs\Microsoft VS Code\bin;C:\Users\Benja\AppData\Roaming\npm;C:\Program Files\Apache\Maven\apache-maven-3.9.9\bin;C:\Program Files\Java\jdk-17\bin
USERNAME=Benja
DISPLAY=:0.0
LC_ALL=en_US.UTF-8
TERM=xterm-256color
TMPDIR=C:\Users\Benja\AppData\Local\Temp
OS=Windows_NT
PROCESSOR_IDENTIFIER=Intel64 Family 6 Model 140 Stepping 1, GenuineIntel
TMP=C:\Users\Benja\AppData\Local\Temp
TEMP=C:\Users\Benja\AppData\Local\Temp




Periodic native trim disabled

JNI global refs:
JNI global refs: 0, weak refs: 0

JNI global refs memory usage: 0, weak refs: 0

Process memory usage:
Resident Set Size: 12984K (0% of 16511608K total physical memory with 1043712K free physical memory)

OOME stack traces (most recent first):
Classloader memory used:

---------------  S Y S T E M  ---------------

OS:
 Windows 11 , 64 bit Build 26100 (10.0.26100.3323)
OS uptime: 1 days 2:45 hours

CPU: total 8 (initial active 8) (4 cores per cpu, 2 threads per core) family 6 model 140 stepping 1 microcode 0xac, cx8, cmov, fxsr, ht, mmx, 3dnowpref, sse, sse2, sse3, ssse3, sse4.1, sse4.2, popcnt, lzcnt, tsc, tscinvbit, avx, avx2, aes, erms, clmul, bmi1, bmi2, adx, avx512f, avx512dq, avx512cd, avx512bw, avx512vl, sha, fma, vzeroupper, avx512_vpopcntdq, avx512_vpclmulqdq, avx512_vaes, avx512_vnni, clflush, clflushopt, clwb, avx512_vbmi2, avx512_vbmi, rdtscp, rdpid, fsrm, gfni, avx512_bitalg, f16c, pku, cet_ibt, cet_ss, avx512_ifma
Processor Information for the first 8 processors :
  Max Mhz: 2419, Current Mhz: 2419, Mhz Limit: 2419

Memory: 4k page, system-wide physical 16124M (1019M free)
TotalPageFile size 46493M (AvailPageFile size 84M)
current process WorkingSet (physical memory assigned to process): 12M, peak: 12M
current process commit charge ("private bytes"): 60M, peak: 312M

vm_info: OpenJDK 64-Bit Server VM (21.0.6+8-b631.39) for windows-amd64 JRE (21.0.6+8-b631.39), built on 2025-02-04 by "builduser" with MS VC++ 16.10 / 16.11 (VS2019)

END.
